Determining if the pthread_create exist failed with the following output:
Change Dir: /home/viquang/Info L3/Sys IA/DISTRIBUTION/CMakeFiles/CMakeTmp

Run Build Command:"/usr/bin/make" "cmTC_2a21c/fast"
/usr/bin/make -f CMakeFiles/cmTC_2a21c.dir/build.make CMakeFiles/cmTC_2a21c.dir/build
make[1] : on entre dans le répertoire « /home/viquang/Info L3/Sys IA/DISTRIBUTION/CMakeFiles/CMakeTmp »
Building C object CMakeFiles/cmTC_2a21c.dir/CheckSymbolExists.c.o
/usr/bin/cc    -o CMakeFiles/cmTC_2a21c.dir/CheckSymbolExists.c.o   -c "/home/viquang/Info L3/Sys IA/DISTRIBUTION/CMakeFiles/CMakeTmp/CheckSymbolExists.c"
Linking C executable cmTC_2a21c
/usr/bin/cmake -E cmake_link_script CMakeFiles/cmTC_2a21c.dir/link.txt --verbose=1
/usr/bin/cc      -rdynamic CMakeFiles/cmTC_2a21c.dir/CheckSymbolExists.c.o  -o cmTC_2a21c 
CMakeFiles/cmTC_2a21c.dir/CheckSymbolExists.c.o : Dans la fonction « main » :
CheckSymbolExists.c:(.text+0x1b) : référence indéfinie vers « pthread_create »
collect2: error: ld returned 1 exit status
CMakeFiles/cmTC_2a21c.dir/build.make:97: recipe for target 'cmTC_2a21c' failed
make[1]: *** [cmTC_2a21c] Error 1
make[1] : on quitte le répertoire « /home/viquang/Info L3/Sys IA/DISTRIBUTION/CMakeFiles/CMakeTmp »
Makefile:126: recipe for target 'cmTC_2a21c/fast' failed
make: *** [cmTC_2a21c/fast] Error 2

File /home/viquang/Info L3/Sys IA/DISTRIBUTION/CMakeFiles/CMakeTmp/CheckSymbolExists.c:
/* */
#include <pthread.h>

int main(int argc, char** argv)
{
  (void)argv;
#ifndef pthread_create
  return ((int*)(&pthread_create))[argc];
#else
  (void)argc;
  return 0;
#endif
}

Determining if the function pthread_create exists in the pthreads failed with the following output:
Change Dir: /home/viquang/Info L3/Sys IA/DISTRIBUTION/CMakeFiles/CMakeTmp

Run Build Command:"/usr/bin/make" "cmTC_bd862/fast"
/usr/bin/make -f CMakeFiles/cmTC_bd862.dir/build.make CMakeFiles/cmTC_bd862.dir/build
make[1] : on entre dans le répertoire « /home/viquang/Info L3/Sys IA/DISTRIBUTION/CMakeFiles/CMakeTmp »
Building C object CMakeFiles/cmTC_bd862.dir/CheckFunctionExists.c.o
/usr/bin/cc   -DCHECK_FUNCTION_EXISTS=pthread_create   -o CMakeFiles/cmTC_bd862.dir/CheckFunctionExists.c.o   -c /usr/share/cmake-3.10/Modules/CheckFunctionExists.c
Linking C executable cmTC_bd862
/usr/bin/cmake -E cmake_link_script CMakeFiles/cmTC_bd862.dir/link.txt --verbose=1
/usr/bin/cc  -DCHECK_FUNCTION_EXISTS=pthread_create    -rdynamic CMakeFiles/cmTC_bd862.dir/CheckFunctionExists.c.o  -o cmTC_bd862 -lpthreads 
/usr/bin/ld : ne peut trouver -lpthreads
collect2: error: ld returned 1 exit status
CMakeFiles/cmTC_bd862.dir/build.make:97: recipe for target 'cmTC_bd862' failed
make[1]: *** [cmTC_bd862] Error 1
make[1] : on quitte le répertoire « /home/viquang/Info L3/Sys IA/DISTRIBUTION/CMakeFiles/CMakeTmp »
Makefile:126: recipe for target 'cmTC_bd862/fast' failed
make: *** [cmTC_bd862/fast] Error 2


